Apr 28, 2018 12:36:48 PM edu.gcc.keen.gameobjects.GameObjectCreator createTile
INFO: No tile data for 1,314
Apr 28, 2018 12:36:48 PM edu.gcc.keen.gameobjects.GameObjectCreator createTile
INFO: No tile data for 1,314
Apr 28, 2018 12:36:48 PM edu.gcc.keen.gameobjects.GameObjectCreator createTile
INFO: No tile data for 1,314
Apr 28, 2018 12:36:48 PM edu.gcc.keen.gameobjects.GameObjectCreator createTile
INFO: No tile data for 1,314
Apr 28, 2018 12:36:48 PM edu.gcc.keen.gameobjects.GameObjectCreator createInfoplaneObject
INFO: No infoplane data for 1,196
Apr 28, 2018 12:36:48 PM edu.gcc.keen.gameobjects.GameObjectCreator createTile
INFO: No tile data for 1,332
Apr 28, 2018 12:36:48 PM edu.gcc.keen.gameobjects.GameObjectCreator createTile
INFO: No tile data for 1,350
Apr 28, 2018 12:36:49 PM edu.gcc.keen.KeenMain run
FINE: Updates 22	Frames 25
Apr 28, 2018 12:36:50 PM edu.gcc.keen.KeenMain run
FINE: Updates 97	Frames 97
Apr 28, 2018 12:36:51 PM edu.gcc.keen.KeenMain run
FINE: Updates 61	Frames 96
Apr 28, 2018 12:36:52 PM edu.gcc.keen.KeenMain run
FINE: Updates 61	Frames 97
Apr 28, 2018 12:36:53 PM edu.gcc.keen.KeenMain run
FINE: Updates 60	Frames 92
Apr 28, 2018 12:36:54 PM edu.gcc.keen.KeenMain run
FINE: Updates 60	Frames 93
Apr 28, 2018 12:36:55 PM edu.gcc.keen.KeenMain run
FINE: Updates 60	Frames 103
Apr 28, 2018 12:36:56 PM edu.gcc.keen.KeenMain run
FINE: Updates 61	Frames 96
Apr 28, 2018 12:36:57 PM edu.gcc.keen.KeenMain run
FINE: Updates 60	Frames 96
Apr 28, 2018 12:36:58 PM edu.gcc.keen.KeenMain run
FINE: Updates 61	Frames 99
Apr 28, 2018 12:36:59 PM edu.gcc.keen.KeenMain run
FINE: Updates 60	Frames 99
Apr 28, 2018 12:37:00 PM edu.gcc.keen.KeenMain run
FINE: Updates 60	Frames 95
Apr 28, 2018 12:37:01 PM edu.gcc.keen.KeenMain run
FINE: Updates 61	Frames 94
Apr 28, 2018 12:37:02 PM edu.gcc.keen.KeenMain run
FINE: Updates 60	Frames 95
Apr 28, 2018 12:37:03 PM edu.gcc.keen.KeenMain run
FINE: Updates 60	Frames 96
Apr 28, 2018 12:37:04 PM edu.gcc.keen.KeenMain run
FINE: Updates 61	Frames 97
Apr 28, 2018 12:37:05 PM edu.gcc.keen.KeenMain run
FINE: Updates 60	Frames 96
Apr 28, 2018 12:37:06 PM edu.gcc.keen.KeenMain run
FINE: Updates 60	Frames 96
Apr 28, 2018 12:37:07 PM edu.gcc.keen.KeenMain run
FINE: Updates 60	Frames 97
Apr 28, 2018 12:37:08 PM edu.gcc.keen.KeenMain run
FINE: Updates 61	Frames 98
Apr 28, 2018 12:37:09 PM edu.gcc.keen.KeenMain run
FINE: Updates 60	Frames 98
Apr 28, 2018 12:37:10 PM edu.gcc.keen.KeenMain run
FINE: Updates 61	Frames 99
Apr 28, 2018 12:37:11 PM edu.gcc.keen.KeenMain run
FINE: Updates 60	Frames 99
Apr 28, 2018 12:37:12 PM edu.gcc.keen.KeenMain run
FINE: Updates 60	Frames 98
Apr 28, 2018 12:37:13 PM edu.gcc.keen.KeenMain run
FINE: Updates 61	Frames 99
Apr 28, 2018 12:37:14 PM edu.gcc.keen.KeenMain run
FINE: Updates 60	Frames 99
Apr 28, 2018 12:37:15 PM edu.gcc.keen.KeenMain run
FINE: Updates 61	Frames 98
Apr 28, 2018 12:37:16 PM edu.gcc.keen.KeenMain run
FINE: Updates 60	Frames 98
Apr 28, 2018 12:37:17 PM edu.gcc.keen.KeenMain run
FINE: Updates 60	Frames 97
